1112223334445s121212332342555578998788787878787878788787777666554312235567654654654654654654654654654654654656546546546546546546546543333444halloe hasegasddfgfffffffzu123
[Warn]hallo hase
[Warn]hallo hase
[Warn]hallo hase
[Warn]hallo hase
error test
warning dsfgdfghdfg
info pppppp
lskdjvcobjesaoriser
error test
warning dsfgdfghdfg
info pppppp
lskdjvcobjesaoriser
error test
warning dsfgdfghdfg
info pppppp
lskdjvcobjesaoriser
error test
warning dsfgdfghdfg
info pppppp
lskdjvcobjesaoriser
error test
warning dsfgdfghdfg
info pppppp
lskdjvcobjesaoriser
error test
warning dsfgdfghdfg
info pppppp
lskdjvcobjesaoriser
error test
warning dsfgdfghdfg
info pppppp
lskdjvcobjesaoriser
error test
warning dsfgdfghdfg
info pppppp
lskdjvcobjesaoriser

[error] test
[warning] dsfgdfghdfg
[info] pppppp
lskdjvcobjesaoriser

[error] test
[warning] dsfgdfghdfg
[info] pppppp
lskdjvcobjesaoriser

[error] test345435
[warning] dsfgdfghdfg
[info] pppppp
lskdjvcobjesaoriser